\BOOKMARK [1][-]{section*.1}{Acknowledgments}{}% 1
\BOOKMARK [1][-]{section*.2}{Resumo}{}% 2
\BOOKMARK [1][-]{section*.3}{Abstract}{}% 3
\BOOKMARK [1][-]{chapter*.5}{List of Tables}{}% 4
\BOOKMARK [1][-]{chapter*.6}{List of Figures}{}% 5
\BOOKMARK [1][-]{chapter*.7}{Nomenclature}{}% 6
\BOOKMARK [1][-]{table.0.1}{Glossary}{}% 7
\BOOKMARK [0][-]{chapter.1}{1 Introduction}{}% 8
\BOOKMARK [1][-]{section.1.1}{1.1 Challenges and Motivation}{chapter.1}% 9
\BOOKMARK [1][-]{section.1.2}{1.2 Goals}{chapter.1}% 10
\BOOKMARK [1][-]{section.1.3}{1.3 Contributions}{chapter.1}% 11
\BOOKMARK [1][-]{section.1.4}{1.4 Outline}{chapter.1}% 12
\BOOKMARK [0][-]{chapter.2}{2 State-of-the-art}{}% 13
\BOOKMARK [1][-]{section.2.1}{2.1 Unmanned Aircraft System}{chapter.2}% 14
\BOOKMARK [1][-]{section.2.2}{2.2 Sense and Avoid}{chapter.2}% 15
\BOOKMARK [2][-]{subsection.2.2.1}{2.2.1 Evolution of See and Avoid}{section.2.2}% 16
\BOOKMARK [2][-]{subsection.2.2.2}{2.2.2 See and Avoid in General Aviation}{section.2.2}% 17
\BOOKMARK [1][-]{section.2.3}{2.3 New developments on SAA}{chapter.2}% 18
\BOOKMARK [1][-]{section.2.4}{2.4 SAA development programs}{chapter.2}% 19
\BOOKMARK [2][-]{subsection.2.4.1}{2.4.1 MIDCAS}{section.2.4}% 20
\BOOKMARK [2][-]{subsection.2.4.2}{2.4.2 UAS Integration in the NAS Project}{section.2.4}% 21
\BOOKMARK [2][-]{subsection.2.4.3}{2.4.3 Geyer's prototype SAA system}{section.2.4}% 22
\BOOKMARK [2][-]{subsection.2.4.4}{2.4.4 ASTRAEA}{section.2.4}% 23
\BOOKMARK [2][-]{subsection.2.4.5}{2.4.5 Nussberger's Aerial Object Tracking from an Airborne Platform}{section.2.4}% 24
\BOOKMARK [1][-]{section.2.5}{2.5 Existing equipment}{chapter.2}% 25
\BOOKMARK [0][-]{chapter.3}{3 Visible Spectrum Solution}{}% 26
\BOOKMARK [1][-]{section.3.1}{3.1 Differentiate unmanned from manned aircraft}{chapter.3}% 27
\BOOKMARK [2][-]{subsection.3.1.1}{3.1.1 Aircraft types}{section.3.1}% 28
\BOOKMARK [2][-]{subsection.3.1.2}{3.1.2 Generating the Morse Code}{section.3.1}% 29
\BOOKMARK [2][-]{subsection.3.1.3}{3.1.3 Lights configuration and range}{section.3.1}% 30
\BOOKMARK [1][-]{section.3.2}{3.2 Material}{chapter.3}% 31
\BOOKMARK [2][-]{subsection.3.2.1}{3.2.1 Selecting LEDs}{section.3.2}% 32
\BOOKMARK [2][-]{subsection.3.2.2}{3.2.2 Selecting Arduino\222 Board}{section.3.2}% 33
\BOOKMARK [2][-]{subsection.3.2.3}{3.2.3 Selecting resistors}{section.3.2}% 34
\BOOKMARK [1][-]{section.3.3}{3.3 Material Testing}{chapter.3}% 35
\BOOKMARK [1][-]{section.3.4}{3.4 Prototyping}{chapter.3}% 36
\BOOKMARK [2][-]{subsection.3.4.1}{3.4.1 Controlling the Anti-Collision LED}{section.3.4}% 37
\BOOKMARK [2][-]{subsection.3.4.2}{3.4.2 ISR's Quadcopter}{section.3.4}% 38
\BOOKMARK [0][-]{chapter.4}{4 Infrared Solution}{}% 39
\BOOKMARK [1][-]{section.4.1}{4.1 Choosing the solution}{chapter.4}% 40
\BOOKMARK [2][-]{subsection.4.1.1}{4.1.1 Electromagnetic spectrum's frequency}{section.4.1}% 41
\BOOKMARK [2][-]{subsection.4.1.2}{4.1.2 Communication Type}{section.4.1}% 42
\BOOKMARK [2][-]{subsection.4.1.3}{4.1.3 Proposed Solution}{section.4.1}% 43
\BOOKMARK [1][-]{section.4.2}{4.2 Material}{chapter.4}% 44
\BOOKMARK [1][-]{section.4.3}{4.3 Software}{chapter.4}% 45
\BOOKMARK [1][-]{section.4.4}{4.4 Material Testing}{chapter.4}% 46
\BOOKMARK [1][-]{section.4.5}{4.5 Prototyping}{chapter.4}% 47
\BOOKMARK [2][-]{subsection.4.5.1}{4.5.1 ISR's quadcopter}{section.4.5}% 48
\BOOKMARK [1][-]{section.4.6}{4.6 Prototype Testing}{chapter.4}% 49
\BOOKMARK [2][-]{subsection.4.6.1}{4.6.1 Time Variables Optimization}{section.4.6}% 50
\BOOKMARK [2][-]{subsection.4.6.2}{4.6.2 Blind zones}{section.4.6}% 51
\BOOKMARK [2][-]{subsection.4.6.3}{4.6.3 Ranges}{section.4.6}% 52
\BOOKMARK [2][-]{subsection.4.6.4}{4.6.4 Maneuvers}{section.4.6}% 53
\BOOKMARK [2][-]{subsection.4.6.5}{4.6.5 ISR drone}{section.4.6}% 54
\BOOKMARK [0][-]{chapter.5}{5 Results and Discussion}{}% 55
\BOOKMARK [1][-]{section.5.1}{5.1 Visible Spectrum Solution's Results}{chapter.5}% 56
\BOOKMARK [1][-]{section.5.2}{5.2 Infrared Solution's Results}{chapter.5}% 57
\BOOKMARK [2][-]{subsection.5.2.1}{5.2.1 Time Variables Optimization Results}{section.5.2}% 58
\BOOKMARK [2][-]{subsection.5.2.2}{5.2.2 Blind Zone Results}{section.5.2}% 59
\BOOKMARK [2][-]{subsection.5.2.3}{5.2.3 Ranges' results}{section.5.2}% 60
\BOOKMARK [2][-]{subsection.5.2.4}{5.2.4 Maneuvers' Results}{section.5.2}% 61
\BOOKMARK [1][-]{section.5.3}{5.3 Lessons Learned}{chapter.5}% 62
\BOOKMARK [0][-]{chapter.6}{6 Conclusions}{}% 63
\BOOKMARK [1][-]{section.6.1}{6.1 Achievements}{chapter.6}% 64
\BOOKMARK [1][-]{section.6.2}{6.2 Future Work}{chapter.6}% 65
\BOOKMARK [0][-]{chapter*.26}{Bibliography}{}% 66
\BOOKMARK [0][-]{appendix.A}{A Printed Box Technical Drawings}{}% 67
\BOOKMARK [0][-]{appendix.B}{B Test Procedures}{}% 68
\BOOKMARK [1][-]{section.B.1}{B.1 Visual Material Test}{appendix.B}% 69
\BOOKMARK [1][-]{section.B.2}{B.2 IR Material Test}{appendix.B}% 70
\BOOKMARK [1][-]{section.B.3}{B.3 IR Maneuvers Test}{appendix.B}% 71
\BOOKMARK [1][-]{section.B.4}{B.4 IR Sense and Avoid Test with Aircraft}{appendix.B}% 72
